# JRE version: Java(TM) SE Runtime Environment (8.0_231-b11) (build 1.8.0_231-b11)
# Java VM: Java HotSpot(TM) Client VM (25.231-b11 mixed mode windows-x86 )
Heap:
 def new generation   total 77568K, used 39544K [0x05200000, 0x0a620000, 0x0a750000)
  eden space 68992K,  53% used [0x05200000, 0x0760e080, 0x09560000)
  from space 8576K,  30% used [0x09560000, 0x097f01f0, 0x09dc0000)
  to   space 8576K,   0% used [0x09dc0000, 0x09dc0000, 0x0a620000)
 tenured generation   total 172208K, used 150099K [0x0a750000, 0x14f7c000, 0x15200000)
   the space 172208K,  87% used [0x0a750000, 0x139e4dc8, 0x139e4e00, 0x14f7c000)
 Metaspace       used 28283K, capacity 29477K, committed 29568K, reserved 30080K
GC Heap History (10 events):
Event: 176.892 GC heap before
{Heap before GC invocations=144 (full 8):
 def new generation   total 77568K, used 70301K [0x05200000, 0x0a620000, 0x0a750000)
  eden space 68992K, 100% used [0x05200000, 0x09560000, 0x09560000)
  from space 8576K,  15% used [0x09dc0000, 0x09f07540, 0x0a620000)
  to   space 8576K,   0% used [0x09560000, 0x09560000, 0x09dc0000)
 tenured generation   total 172208K, used 149584K [0x0a750000, 0x14f7c000, 0x15200000)
   the space 172208K,  86% used [0x0a750000, 0x13964338, 0x13964400, 0x14f7c000)
 Metaspace       used 27769K, capacity 28891K, committed 29056K, reserved 29056K
Event: 176.896 GC heap after
Heap after GC invocations=145 (full 8):
 def new generation   total 77568K, used 1260K [0x05200000, 0x0a620000, 0x0a750000)
  eden space 68992K,   0% used [0x05200000, 0x05200000, 0x09560000)
  from space 8576K,  14% used [0x09560000, 0x0969b3f8, 0x09dc0000)
  to   space 8576K,   0% used [0x09dc0000, 0x09dc0000, 0x0a620000)
 tenured generation   total 172208K, used 149584K [0x0a750000, 0x14f7c000, 0x15200000)
   the space 172208K,  86% used [0x0a750000, 0x139643f8, 0x13964400, 0x14f7c000)
 Metaspace       used 27769K, capacity 28891K, committed 29056K, reserved 29056K
}
Event: 177.174 GC heap before
{Heap before GC invocations=145 (full 8):
 def new generation   total 77568K, used 70252K [0x05200000, 0x0a620000, 0x0a750000)
  eden space 68992K, 100% used [0x05200000, 0x09560000, 0x09560000)
  from space 8576K,  14% used [0x09560000, 0x0969b3f8, 0x09dc0000)
  to   space 8576K,   0% used [0x09dc0000, 0x09dc0000, 0x0a620000)
 tenured generation   total 172208K, used 149584K [0x0a750000, 0x14f7c000, 0x15200000)
   the space 172208K,  86% used [0x0a750000, 0x139643f8, 0x13964400, 0x14f7c000)
 Metaspace       used 27967K, capacity 29123K, committed 29312K, reserved 30080K
Event: 177.181 GC heap after
Heap after GC invocations=146 (full 8):
 def new generation   total 77568K, used 1890K [0x05200000, 0x0a620000, 0x0a750000)
  eden space 68992K,   0% used [0x05200000, 0x05200000, 0x09560000)
  from space 8576K,  22% used [0x09dc0000, 0x09f98860, 0x0a620000)
  to   space 8576K,   0% used [0x09560000, 0x09560000, 0x09dc0000)
 tenured generation   total 172208K, used 149614K [0x0a750000, 0x14f7c000, 0x15200000)
   the space 172208K,  86% used [0x0a750000, 0x1396b878, 0x1396ba00, 0x14f7c000)
 Metaspace       used 27967K, capacity 29123K, committed 29312K, reserved 30080K
}
Event: 177.503 GC heap before
{Heap before GC invocations=146 (full 8):
 def new generation   total 77568K, used 70882K [0x05200000, 0x0a620000, 0x0a750000)
  eden space 68992K, 100% used [0x05200000, 0x09560000, 0x09560000)
  from space 8576K,  22% used [0x09dc0000, 0x09f98860, 0x0a620000)
  to   space 8576K,   0% used [0x09560000, 0x09560000, 0x09dc0000)
 tenured generation   total 172208K, used 149614K [0x0a750000, 0x14f7c000, 0x15200000)
   the space 172208K,  86% used [0x0a750000, 0x1396b878, 0x1396ba00, 0x14f7c000)
 Metaspace       used 28245K, capacity 29413K, committed 29568K, reserved 30080K
Event: 177.511 GC heap after
Heap after GC invocations=147 (full 8):
 def new generation   total 77568K, used 2736K [0x05200000, 0x0a620000, 0x0a750000)
  eden space 68992K,   0% used [0x05200000, 0x05200000, 0x09560000)
  from space 8576K,  31% used [0x09560000, 0x0980c188, 0x09dc0000)
  to   space 8576K,   0% used [0x09dc0000, 0x09dc0000, 0x0a620000)
 tenured generation   total 172208K, used 149614K [0x0a750000, 0x14f7c000, 0x15200000)
   the space 172208K,  86% used [0x0a750000, 0x1396bad0, 0x1396bc00, 0x14f7c000)
 Metaspace       used 28245K, capacity 29413K, committed 29568K, reserved 30080K
}
Event: 179.126 GC heap before
{Heap before GC invocations=147 (full 8):
 def new generation   total 77568K, used 71728K [0x05200000, 0x0a620000, 0x0a750000)
  eden space 68992K, 100% used [0x05200000, 0x09560000, 0x09560000)
  from space 8576K,  31% used [0x09560000, 0x0980c188, 0x09dc0000)
  to   space 8576K,   0% used [0x09dc0000, 0x09dc0000, 0x0a620000)
 tenured generation   total 172208K, used 149614K [0x0a750000, 0x14f7c000, 0x15200000)
   the space 172208K,  86% used [0x0a750000, 0x1396bad0, 0x1396bc00, 0x14f7c000)
 Metaspace       used 28267K, capacity 29445K, committed 29568K, reserved 30080K
Event: 179.135 GC heap after
Heap after GC invocations=148 (full 8):
 def new generation   total 77568K, used 3007K [0x05200000, 0x0a620000, 0x0a750000)
  eden space 68992K,   0% used [0x05200000, 0x05200000, 0x09560000)
  from space 8576K,  35% used [0x09dc0000, 0x0a0afc80, 0x0a620000)
  to   space 8576K,   0% used [0x09560000, 0x09560000, 0x09dc0000)
 tenured generation   total 172208K, used 149614K [0x0a750000, 0x14f7c000, 0x15200000)
   the space 172208K,  86% used [0x0a750000, 0x1396bb38, 0x1396bc00, 0x14f7c000)
 Metaspace       used 28267K, capacity 29445K, committed 29568K, reserved 30080K
}
Event: 231.959 GC heap before
{Heap before GC invocations=148 (full 8):
 def new generation   total 77568K, used 71999K [0x05200000, 0x0a620000, 0x0a750000)
  eden space 68992K, 100% used [0x05200000, 0x09560000, 0x09560000)
  from space 8576K,  35% used [0x09dc0000, 0x0a0afcb8, 0x0a620000)
  to   space 8576K,   0% used [0x09560000, 0x09560000, 0x09dc0000)
 tenured generation   total 172208K, used 149614K [0x0a750000, 0x14f7c000, 0x15200000)
   the space 172208K,  86% used [0x0a750000, 0x1396bb38, 0x1396bc00, 0x14f7c000)
 Metaspace       used 28268K, capacity 29445K, committed 29568K, reserved 30080K
Event: 231.967 GC heap after
Heap after GC invocations=149 (full 8):
 def new generation   total 77568K, used 2624K [0x05200000, 0x0a620000, 0x0a750000)
  eden space 68992K,   0% used [0x05200000, 0x05200000, 0x09560000)
  from space 8576K,  30% used [0x09560000, 0x097f01f0, 0x09dc0000)
  to   space 8576K,   0% used [0x09dc0000, 0x09dc0000, 0x0a620000)
 tenured generation   total 172208K, used 150099K [0x0a750000, 0x14f7c000, 0x15200000)
   the space 172208K,  87% used [0x0a750000, 0x139e4dc8, 0x139e4e00, 0x14f7c000)
 Metaspace       used 28268K, capacity 29445K, committed 29568K, reserved 30080K
}

