# JRE version: Java(TM) SE Runtime Environment (8.0_231-b11) (build 1.8.0_231-b11)
# Java VM: Java HotSpot(TM) Client VM (25.231-b11 mixed mode windows-x86 )
Heap:
 def new generation   total 78656K, used 8391K [0x05400000, 0x0a950000, 0x0a950000)
  eden space 69952K,  11% used [0x05400000, 0x05bfa790, 0x09850000)
  from space 8704K,   2% used [0x09850000, 0x098874f8, 0x0a0d0000)
  to   space 8704K,   0% used [0x0a0d0000, 0x0a0d0000, 0x0a950000)
 tenured generation   total 174784K, used 114141K [0x0a950000, 0x15400000, 0x15400000)
   the space 174784K,  65% used [0x0a950000, 0x118c7460, 0x118c7600, 0x15400000)
 Metaspace       used 29826K, capacity 30971K, committed 31104K, reserved 31104K
GC Heap History (10 events):
Event: 224.736 GC heap before
{Heap before GC invocations=191 (full 12):
 def new generation   total 78656K, used 78656K [0x05400000, 0x0a950000, 0x0a950000)
  eden space 69952K, 100% used [0x05400000, 0x09850000, 0x09850000)
  from space 8704K, 100% used [0x0a0d0000, 0x0a950000, 0x0a950000)
  to   space 8704K,   0% used [0x09850000, 0x09850000, 0x0a0d0000)
 tenured generation   total 174784K, used 153478K [0x0a950000, 0x15400000, 0x15400000)
   the space 174784K,  87% used [0x0a950000, 0x13f31830, 0x13f31a00, 0x15400000)
 Metaspace       used 29759K, capacity 30907K, committed 31104K, reserved 31104K
Event: 224.912 GC heap after
Heap after GC invocations=192 (full 13):
 def new generation   total 78656K, used 0K [0x05400000, 0x0a950000, 0x0a950000)
  eden space 69952K,   0% used [0x05400000, 0x05400000, 0x09850000)
  from space 8704K,   0% used [0x0a0d0000, 0x0a0d0000, 0x0a950000)
  to   space 8704K,   0% used [0x09850000, 0x09850000, 0x0a0d0000)
 tenured generation   total 174784K, used 111877K [0x0a950000, 0x15400000, 0x15400000)
   the space 174784K,  64% used [0x0a950000, 0x116914c0, 0x11691600, 0x15400000)
 Metaspace       used 29759K, capacity 30907K, committed 31104K, reserved 31104K
}
Event: 225.231 GC heap before
{Heap before GC invocations=192 (full 13):
 def new generation   total 78656K, used 69952K [0x05400000, 0x0a950000, 0x0a950000)
  eden space 69952K, 100% used [0x05400000, 0x09850000, 0x09850000)
  from space 8704K,   0% used [0x0a0d0000, 0x0a0d0000, 0x0a950000)
  to   space 8704K,   0% used [0x09850000, 0x09850000, 0x0a0d0000)
 tenured generation   total 174784K, used 111877K [0x0a950000, 0x15400000, 0x15400000)
   the space 174784K,  64% used [0x0a950000, 0x116914c0, 0x11691600, 0x15400000)
 Metaspace       used 29773K, capacity 30939K, committed 31104K, reserved 31104K
Event: 225.269 GC heap after
Heap after GC invocations=193 (full 13):
 def new generation   total 78656K, used 8704K [0x05400000, 0x0a950000, 0x0a950000)
  eden space 69952K,   0% used [0x05400000, 0x05400000, 0x09850000)
  from space 8704K, 100% used [0x09850000, 0x0a0d0000, 0x0a0d0000)
  to   space 8704K,   0% used [0x0a0d0000, 0x0a0d0000, 0x0a950000)
 tenured generation   total 174784K, used 127960K [0x0a950000, 0x15400000, 0x15400000)
   the space 174784K,  73% used [0x0a950000, 0x12646228, 0x12646400, 0x15400000)
 Metaspace       used 29773K, capacity 30939K, committed 31104K, reserved 31104K
}
Event: 225.609 GC heap before
{Heap before GC invocations=193 (full 13):
 def new generation   total 78656K, used 78656K [0x05400000, 0x0a950000, 0x0a950000)
  eden space 69952K, 100% used [0x05400000, 0x09850000, 0x09850000)
  from space 8704K, 100% used [0x09850000, 0x0a0d0000, 0x0a0d0000)
  to   space 8704K,   0% used [0x0a0d0000, 0x0a0d0000, 0x0a950000)
 tenured generation   total 174784K, used 127960K [0x0a950000, 0x15400000, 0x15400000)
   the space 174784K,  73% used [0x0a950000, 0x12646228, 0x12646400, 0x15400000)
 Metaspace       used 29773K, capacity 30939K, committed 31104K, reserved 31104K
Event: 225.660 GC heap after
Heap after GC invocations=194 (full 13):
 def new generation   total 78656K, used 8704K [0x05400000, 0x0a950000, 0x0a950000)
  eden space 69952K,   0% used [0x05400000, 0x05400000, 0x09850000)
  from space 8704K, 100% used [0x0a0d0000, 0x0a950000, 0x0a950000)
  to   space 8704K,   0% used [0x09850000, 0x09850000, 0x0a0d0000)
 tenured generation   total 174784K, used 150096K [0x0a950000, 0x15400000, 0x15400000)
   the space 174784K,  85% used [0x0a950000, 0x13be40d0, 0x13be4200, 0x15400000)
 Metaspace       used 29773K, capacity 30939K, committed 31104K, reserved 31104K
}
Event: 49221.378 GC heap before
{Heap before GC invocations=194 (full 13):
 def new generation   total 78656K, used 78656K [0x05400000, 0x0a950000, 0x0a950000)
  eden space 69952K, 100% used [0x05400000, 0x09850000, 0x09850000)
  from space 8704K, 100% used [0x0a0d0000, 0x0a950000, 0x0a950000)
  to   space 8704K,   0% used [0x09850000, 0x09850000, 0x0a0d0000)
 tenured generation   total 174784K, used 150096K [0x0a950000, 0x15400000, 0x15400000)
   the space 174784K,  85% used [0x0a950000, 0x13be40d0, 0x13be4200, 0x15400000)
 Metaspace       used 29825K, capacity 31011K, committed 31104K, reserved 31104K
Event: 49221.879 GC heap after
Heap after GC invocations=195 (full 14):
 def new generation   total 78656K, used 0K [0x05400000, 0x0a950000, 0x0a950000)
  eden space 69952K,   0% used [0x05400000, 0x05400000, 0x09850000)
  from space 8704K,   0% used [0x0a0d0000, 0x0a0d0000, 0x0a950000)
  to   space 8704K,   0% used [0x09850000, 0x09850000, 0x0a0d0000)
 tenured generation   total 174784K, used 114141K [0x0a950000, 0x15400000, 0x15400000)
   the space 174784K,  65% used [0x0a950000, 0x118c7460, 0x118c7600, 0x15400000)
 Metaspace       used 29800K, capacity 30971K, committed 31104K, reserved 31104K
}
Event: 49278.271 GC heap before
{Heap before GC invocations=195 (full 14):
 def new generation   total 78656K, used 69952K [0x05400000, 0x0a950000, 0x0a950000)
  eden space 69952K, 100% used [0x05400000, 0x09850000, 0x09850000)
  from space 8704K,   0% used [0x0a0d0000, 0x0a0d0000, 0x0a950000)
  to   space 8704K,   0% used [0x09850000, 0x09850000, 0x0a0d0000)
 tenured generation   total 174784K, used 114141K [0x0a950000, 0x15400000, 0x15400000)
   the space 174784K,  65% used [0x0a950000, 0x118c7460, 0x118c7600, 0x15400000)
 Metaspace       used 29800K, capacity 30971K, committed 31104K, reserved 31104K
Event: 49278.278 GC heap after
Heap after GC invocations=196 (full 14):
 def new generation   total 78656K, used 221K [0x05400000, 0x0a950000, 0x0a950000)
  eden space 69952K,   0% used [0x05400000, 0x05400000, 0x09850000)
  from space 8704K,   2% used [0x09850000, 0x098874f8, 0x0a0d0000)
  to   space 8704K,   0% used [0x0a0d0000, 0x0a0d0000, 0x0a950000)
 tenured generation   total 174784K, used 114141K [0x0a950000, 0x15400000, 0x15400000)
   the space 174784K,  65% used [0x0a950000, 0x118c7460, 0x118c7600, 0x15400000)
 Metaspace       used 29800K, capacity 30971K, committed 31104K, reserved 31104K
}

